Determining if the function iconv_open exists failed with the following output:
Change Dir: /Users/bill/Downloads/exiv2-trunk/build/CMakeFiles/CMakeTmp

Run Build Command:"/usr/bin/make" "cmTC_6b66e/fast"
/Applications/Xcode.app/Contents/Developer/usr/bin/make -f CMakeFiles/cmTC_6b66e.dir/build.make CMakeFiles/cmTC_6b66e.dir/build
Building C object CMakeFiles/cmTC_6b66e.dir/CheckFunctionExists.c.o
/Applications/Xcode.app/Contents/Developer/Toolchains/XcodeDefault.xctoolchain/usr/bin/clang   -DCHECK_FUNCTION_EXISTS=iconv_open -isysroot /Applications/Xcode.app/Contents/Developer/Platforms/MacOSX.platform/Developer/SDKs/MacOSX10.12.sdk   -o CMakeFiles/cmTC_6b66e.dir/CheckFunctionExists.c.o   -c /usr/local/Cellar/cmake/3.8.2/share/cmake/Modules/CheckFunctionExists.c
Linking C executable cmTC_6b66e
/usr/local/Cellar/cmake/3.8.2/bin/cmake -E cmake_link_script CMakeFiles/cmTC_6b66e.dir/link.txt --verbose=1
/Applications/Xcode.app/Contents/Developer/Toolchains/XcodeDefault.xctoolchain/usr/bin/clang  -DCHECK_FUNCTION_EXISTS=iconv_open -isysroot /Applications/Xcode.app/Contents/Developer/Platforms/MacOSX.platform/Developer/SDKs/MacOSX10.12.sdk -Wl,-search_paths_first -Wl,-headerpad_max_install_names   CMakeFiles/cmTC_6b66e.dir/CheckFunctionExists.c.o  -o cmTC_6b66e 
Undefined symbols for architecture x86_64:
  "_iconv_open", referenced from:
      _main in CheckFunctionExists.c.o
ld: symbol(s) not found for architecture x86_64
clang: error: linker command failed with exit code 1 (use -v to see invocation)
make[1]: *** [cmTC_6b66e] Error 1
make: *** [cmTC_6b66e/fast] Error 2


Performing C++ SOURCE FILE Test ICONV_ACCEPTS_CONST_INPUT failed with the following output:
Change Dir: /Users/bill/Downloads/exiv2-trunk/build/CMakeFiles/CMakeTmp

Run Build Command:"/usr/bin/make" "cmTC_04d28/fast"
/Applications/Xcode.app/Contents/Developer/usr/bin/make -f CMakeFiles/cmTC_04d28.dir/build.make CMakeFiles/cmTC_04d28.dir/build
Building CXX object CMakeFiles/cmTC_04d28.dir/src.cxx.o
/Applications/Xcode.app/Contents/Developer/Toolchains/XcodeDefault.xctoolchain/usr/bin/clang++    -DICONV_ACCEPTS_CONST_INPUT -isysroot /Applications/Xcode.app/Contents/Developer/Platforms/MacOSX.platform/Developer/SDKs/MacOSX10.12.sdk   -o CMakeFiles/cmTC_04d28.dir/src.cxx.o -c /Users/bill/Downloads/exiv2-trunk/build/CMakeFiles/CMakeTmp/src.cxx
/Users/bill/Downloads/exiv2-trunk/build/CMakeFiles/CMakeTmp/src.cxx:4:13: error: no matching function for call to 'iconv'
            iconv(iconv_t(-1), &p, 0, 0, 0);
            ^~~~~
/Applications/Xcode.app/Contents/Developer/Platforms/MacOSX.platform/Developer/SDKs/MacOSX10.12.sdk/usr/include/iconv.h:69:8: note: candidate function not viable: no known conversion from 'const char **' to 'char **' for 2nd argument
size_t iconv (iconv_t /*cd*/,
       ^
1 error generated.
make[1]: *** [CMakeFiles/cmTC_04d28.dir/src.cxx.o] Error 1
make: *** [cmTC_04d28/fast] Error 2

Source file was:
#include <iconv.h>
         int main() {
            char const *p = 0;
            iconv(iconv_t(-1), &p, 0, 0, 0);
         }
Determining if the include file libintl.h exists failed with the following output:
Change Dir: /Users/bill/Downloads/exiv2-trunk/build/CMakeFiles/CMakeTmp

Run Build Command:"/usr/bin/make" "cmTC_26aee/fast"
/Applications/Xcode.app/Contents/Developer/usr/bin/make -f CMakeFiles/cmTC_26aee.dir/build.make CMakeFiles/cmTC_26aee.dir/build
Building C object CMakeFiles/cmTC_26aee.dir/CheckIncludeFile.c.o
/Applications/Xcode.app/Contents/Developer/Toolchains/XcodeDefault.xctoolchain/usr/bin/clang   -isysroot /Applications/Xcode.app/Contents/Developer/Platforms/MacOSX.platform/Developer/SDKs/MacOSX10.12.sdk   -o CMakeFiles/cmTC_26aee.dir/CheckIncludeFile.c.o   -c /Users/bill/Downloads/exiv2-trunk/build/CMakeFiles/CMakeTmp/CheckIncludeFile.c
/Users/bill/Downloads/exiv2-trunk/build/CMakeFiles/CMakeTmp/CheckIncludeFile.c:1:10: fatal error: 'libintl.h' file not found
#include <libintl.h>
         ^
1 error generated.
make[1]: *** [CMakeFiles/cmTC_26aee.dir/CheckIncludeFile.c.o] Error 1
make: *** [cmTC_26aee/fast] Error 2


Determining if the include file malloc.h exists failed with the following output:
Change Dir: /Users/bill/Downloads/exiv2-trunk/build/CMakeFiles/CMakeTmp

Run Build Command:"/usr/bin/make" "cmTC_71bd3/fast"
/Applications/Xcode.app/Contents/Developer/usr/bin/make -f CMakeFiles/cmTC_71bd3.dir/build.make CMakeFiles/cmTC_71bd3.dir/build
Building C object CMakeFiles/cmTC_71bd3.dir/CheckIncludeFile.c.o
/Applications/Xcode.app/Contents/Developer/Toolchains/XcodeDefault.xctoolchain/usr/bin/clang   -isysroot /Applications/Xcode.app/Contents/Developer/Platforms/MacOSX.platform/Developer/SDKs/MacOSX10.12.sdk   -o CMakeFiles/cmTC_71bd3.dir/CheckIncludeFile.c.o   -c /Users/bill/Downloads/exiv2-trunk/build/CMakeFiles/CMakeTmp/CheckIncludeFile.c
/Users/bill/Downloads/exiv2-trunk/build/CMakeFiles/CMakeTmp/CheckIncludeFile.c:1:10: fatal error: 'malloc.h' file not found
#include <malloc.h>
         ^
1 error generated.
make[1]: *** [CMakeFiles/cmTC_71bd3.dir/CheckIncludeFile.c.o] Error 1
make: *** [cmTC_71bd3/fast] Error 2


Determining if the include file process.h exists failed with the following output:
Change Dir: /Users/bill/Downloads/exiv2-trunk/build/CMakeFiles/CMakeTmp

Run Build Command:"/usr/bin/make" "cmTC_acb55/fast"
/Applications/Xcode.app/Contents/Developer/usr/bin/make -f CMakeFiles/cmTC_acb55.dir/build.make CMakeFiles/cmTC_acb55.dir/build
Building C object CMakeFiles/cmTC_acb55.dir/CheckIncludeFile.c.o
/Applications/Xcode.app/Contents/Developer/Toolchains/XcodeDefault.xctoolchain/usr/bin/clang   -isysroot /Applications/Xcode.app/Contents/Developer/Platforms/MacOSX.platform/Developer/SDKs/MacOSX10.12.sdk   -o CMakeFiles/cmTC_acb55.dir/CheckIncludeFile.c.o   -c /Users/bill/Downloads/exiv2-trunk/build/CMakeFiles/CMakeTmp/CheckIncludeFile.c
/Users/bill/Downloads/exiv2-trunk/build/CMakeFiles/CMakeTmp/CheckIncludeFile.c:1:10: fatal error: 'process.h' file not found
#include <process.h>
         ^
1 error generated.
make[1]: *** [CMakeFiles/cmTC_acb55.dir/CheckIncludeFile.c.o] Error 1
make: *** [cmTC_acb55/fast] Error 2


Determining if the function strchr_r exists failed with the following output:
Change Dir: /Users/bill/Downloads/exiv2-trunk/build/CMakeFiles/CMakeTmp

Run Build Command:"/usr/bin/make" "cmTC_e6f20/fast"
/Applications/Xcode.app/Contents/Developer/usr/bin/make -f CMakeFiles/cmTC_e6f20.dir/build.make CMakeFiles/cmTC_e6f20.dir/build
Building C object CMakeFiles/cmTC_e6f20.dir/CheckFunctionExists.c.o
/Applications/Xcode.app/Contents/Developer/Toolchains/XcodeDefault.xctoolchain/usr/bin/clang   -DCHECK_FUNCTION_EXISTS=strchr_r -isysroot /Applications/Xcode.app/Contents/Developer/Platforms/MacOSX.platform/Developer/SDKs/MacOSX10.12.sdk   -o CMakeFiles/cmTC_e6f20.dir/CheckFunctionExists.c.o   -c /usr/local/Cellar/cmake/3.8.2/share/cmake/Modules/CheckFunctionExists.c
Linking C executable cmTC_e6f20
/usr/local/Cellar/cmake/3.8.2/bin/cmake -E cmake_link_script CMakeFiles/cmTC_e6f20.dir/link.txt --verbose=1
/Applications/Xcode.app/Contents/Developer/Toolchains/XcodeDefault.xctoolchain/usr/bin/clang  -DCHECK_FUNCTION_EXISTS=strchr_r -isysroot /Applications/Xcode.app/Contents/Developer/Platforms/MacOSX.platform/Developer/SDKs/MacOSX10.12.sdk -Wl,-search_paths_first -Wl,-headerpad_max_install_names   CMakeFiles/cmTC_e6f20.dir/CheckFunctionExists.c.o  -o cmTC_e6f20 /usr/lib/libiconv.dylib 
Undefined symbols for architecture x86_64:
  "_strchr_r", referenced from:
      _main in CheckFunctionExists.c.o
ld: symbol(s) not found for architecture x86_64
clang: error: linker command failed with exit code 1 (use -v to see invocation)
make[1]: *** [cmTC_e6f20] Error 1
make: *** [cmTC_e6f20/fast] Error 2


Determining if the _Bool exist failed with the following output:
Change Dir: /Users/bill/Downloads/exiv2-trunk/build/CMakeFiles/CMakeTmp

Run Build Command:"/usr/bin/make" "cmTC_b1012/fast"
/Applications/Xcode.app/Contents/Developer/usr/bin/make -f CMakeFiles/cmTC_b1012.dir/build.make CMakeFiles/cmTC_b1012.dir/build
Building C object CMakeFiles/cmTC_b1012.dir/CheckSymbolExists.c.o
/Applications/Xcode.app/Contents/Developer/Toolchains/XcodeDefault.xctoolchain/usr/bin/clang   -isysroot /Applications/Xcode.app/Contents/Developer/Platforms/MacOSX.platform/Developer/SDKs/MacOSX10.12.sdk   -o CMakeFiles/cmTC_b1012.dir/CheckSymbolExists.c.o   -c /Users/bill/Downloads/exiv2-trunk/build/CMakeFiles/CMakeTmp/CheckSymbolExists.c
/Users/bill/Downloads/exiv2-trunk/build/CMakeFiles/CMakeTmp/CheckSymbolExists.c:8:19: error: expected expression
  return ((int*)(&_Bool))[argc];
                  ^
1 error generated.
make[1]: *** [CMakeFiles/cmTC_b1012.dir/CheckSymbolExists.c.o] Error 1
make: *** [cmTC_b1012/fast] Error 2

File /Users/bill/Downloads/exiv2-trunk/build/CMakeFiles/CMakeTmp/CheckSymbolExists.c:
/* */
#include <stdbool.h>

int main(int argc, char** argv)
{
  (void)argv;
#ifndef _Bool
  return ((int*)(&_Bool))[argc];
#else
  (void)argc;
  return 0;
#endif
}

